<?xml version="1.0" encoding="UTF-8"?>
<!-- Generated by org.testng.reporters.JUnitReportReporter -->
<testsuite hostname="LPT-1189" failures="0" tests="1" name="com.kotak.testCases.KotakHomePageTest" time="20.020" errors="0" timestamp="2023-03-14T10:20:20 IST" skipped="0">
  <testcase classname="com.kotak.testCases.KotakHomePageTest" name="TC01_ExplorePoduct" time="20.020"/>
  <system-out/>
</testsuite> <!-- com.kotak.testCases.KotakHomePageTest -->
