<?xml version="1.0" encoding="UTF-8"?>
<!-- Generated by org.testng.reporters.JUnitReportReporter -->
<testsuite hostname="LPT-1189" failures="0" tests="1" name="com.kotak.testCases.KotakHomePageTest" time="30.490" errors="0" timestamp="24 Feb 2023 05:15:00 GMT" skipped="0">
  <testcase classname="com.kotak.testCases.KotakHomePageTest" name="TC01_ExplorePoduct" time="30.490"/>
</testsuite> <!-- com.kotak.testCases.KotakHomePageTest -->
