<?xml version="1.0" encoding="UTF-8"?>
<!-- Generated by org.testng.reporters.JUnitReportReporter -->
<testsuite hostname="DESKTOP-S5MMF0I" failures="0" tests="1" name="com.kotak.testCases.KotakHomePageTest" time="11.732" errors="0" timestamp="2023-05-02T11:58:12 IST" skipped="0">
  <testcase classname="com.kotak.testCases.KotakHomePageTest" name="TC01_ExplorePoduct" time="11.732"/>
  <system-out/>
</testsuite> <!-- com.kotak.testCases.KotakHomePageTest -->
