<?xml version="1.0" encoding="UTF-8"?>
<!-- Generated by org.testng.reporters.JUnitReportReporter -->
<testsuite hostname="LPT-1189" failures="0" tests="1" name="com.kotak.testCases.KotakHomePageTest" time="55.080" errors="0" timestamp="2023-02-28T09:44:21 IST" skipped="0">
  <testcase classname="com.kotak.testCases.KotakHomePageTest" name="TC01_ExplorePoduct" time="55.080"/>
  <system-out/>
</testsuite> <!-- com.kotak.testCases.KotakHomePageTest -->
