<?xml version="1.0" encoding="UTF-8"?>
<!-- Generated by org.testng.reporters.JUnitReportReporter -->
<testsuite hostname="DESKTOP-D9PQEK6" failures="0" tests="1" name="com.kotak.testCases.KotakHomePageTest" time="48.175" errors="0" timestamp="20 Feb 2023 07:00:50 GMT" skipped="0">
  <testcase classname="com.kotak.testCases.KotakHomePageTest" name="TC01_ExplorePoduct" time="48.175"/>
</testsuite> <!-- com.kotak.testCases.KotakHomePageTest -->
